#-----------------------------------------------------------
# Vivado v2016.3 (64-bit)
# SW Build 1682563 on Mon Oct 10 19:07:26 MDT 2016
# IP Build 1681267 on Mon Oct 10 21:28:31 MDT 2016
# Start of session at: Thu May 25 16:26:57 2017
# Process ID: 22546
# Current directory: /homes/palmiero/Desktop/DHT11_Controller
# Command line: vivado -mode batch -source /homes/palmiero/Desktop/DHT11_Controller/dht11_sa_top-syn.tcl -notrace
# Log file: /homes/palmiero/Desktop/DHT11_Controller/vivado.log
# Journal file: /homes/palmiero/Desktop/DHT11_Controller/vivado.jou
#-----------------------------------------------------------
source /homes/palmiero/Desktop/DHT11_Controller/dht11_sa_top-syn.tcl -notrace
*********************************************
Summary of build parameters
*********************************************
Board: digilentinc.com:zybo:part0:1.0
Part: xc7z010clg400-1
Frequency: 125 MHz
*********************************************
INFO: [filemgmt 20-348] Importing the appropriate files for fileset: 'sources_1'
INFO: [IP_Flow 19-234] Refreshing IP repositories
INFO: [IP_Flow 19-1704] No user IP repositories specified
INFO: [IP_Flow 19-2313] Loaded Vivado IP repository '/packages/LabSoC/Xilinx/Vivado/2016.3/data/ip'.
INFO: [IP_Flow 19-4753] Inferred signal 'reset' from port 'rst' as interface 'rst'.
INFO: [IP_Flow 19-4753] Inferred signal 'clock' from port 'clk' as interface 'clk'.
INFO: [IP_Flow 19-4728] Bus Interface 'clk': Added interface parameter 'ASSOCIATED_RESET' with value 'rst'.
****** Webtalk v2016.3 (64-bit)
  **** SW Build 1682563 on Mon Oct 10 19:07:26 MDT 2016
  **** IP Build 1681267 on Mon Oct 10 21:28:31 MDT 2016
    ** Copyright 1986-2016 Xilinx, Inc. All Rights Reserved.

source /homes/palmiero/Desktop/DHT11_Controller/dht11_sa_top/dht11_sa_top.hw/webtalk/labtool_webtalk.tcl -notrace
INFO: [Common 17-186] '/homes/palmiero/Desktop/DHT11_Controller/dht11_sa_top/dht11_sa_top.hw/webtalk/usage_statistics_ext_labtool.xml' has been successfully sent to Xilinx on Thu May 25 16:27:55 2017. For additional details about this file, please refer to the WebTalk help file at /packages/LabSoC/Xilinx/Vivado/2016.3/doc/webtalk_introduction.html.
INFO: [Common 17-206] Exiting Webtalk at Thu May 25 16:27:55 2017...
INFO: [IP_Flow 19-234] Refreshing IP repositories
INFO: [IP_Flow 19-1700] Loaded user IP repository '/homes/palmiero/Desktop/DHT11_Controller/dht11_sa_top'.
INFO: [IP_Flow 19-2313] Loaded Vivado IP repository '/packages/LabSoC/Xilinx/Vivado/2016.3/data/ip'.
Wrote  : </homes/palmiero/Desktop/DHT11_Controller/top.srcs/sources_1/bd/top/top.bd> 
INFO: [BD 41-1662] The design 'top.bd' is already validated. Therefore parameter propagation will not be re-run.
Verilog Output written to : /homes/palmiero/Desktop/DHT11_Controller/top.srcs/sources_1/bd/top/hdl/top.v
Verilog Output written to : /homes/palmiero/Desktop/DHT11_Controller/top.srcs/sources_1/bd/top/hdl/top_wrapper.v
Wrote  : </homes/palmiero/Desktop/DHT11_Controller/top.srcs/sources_1/bd/top/top.bd> 
WARNING: [xilinx.com:ip:processing_system7:5.5-1] top_ps7_0: The Zynq BFM requires an AXI BFM license to run. Please ensure that you have purchased and setup the AXI BFM license prior to running simulation with this block. Please contact your Xilinx sales office for more information on purchasing this license
INFO: [BD 41-1029] Generation completed for the IP Integrator block ps7 .
INFO: [BD 41-1029] Generation completed for the IP Integrator block dht11_sa_top .
Exporting to file /homes/palmiero/Desktop/DHT11_Controller/top.srcs/sources_1/bd/top/hw_handoff/top.hwh
Generated Block Design Tcl file /homes/palmiero/Desktop/DHT11_Controller/top.srcs/sources_1/bd/top/hw_handoff/top_bd.tcl
Generated Hardware Definition File /homes/palmiero/Desktop/DHT11_Controller/top.srcs/sources_1/bd/top/hdl/top.hwdef
generate_target: Time (s): cpu = 00:00:14 ; elapsed = 00:00:18 . Memory (MB): peak = 1280.316 ; gain = 104.734 ; free physical = 9943 ; free virtual = 31364
[Thu May 25 16:28:23 2017] Launched top_ps7_0_synth_1, top_dht11_sa_top_0_synth_1...
Run output will be captured here:
top_ps7_0_synth_1: /homes/palmiero/Desktop/DHT11_Controller/top.runs/top_ps7_0_synth_1/runme.log
top_dht11_sa_top_0_synth_1: /homes/palmiero/Desktop/DHT11_Controller/top.runs/top_dht11_sa_top_0_synth_1/runme.log
[Thu May 25 16:28:24 2017] Launched synth_1...
Run output will be captured here: /homes/palmiero/Desktop/DHT11_Controller/top.runs/synth_1/runme.log
[Thu May 25 16:28:24 2017] Waiting for synth_1 to finish...

*** Running vivado
    with args -log top_wrapper.vds -m64 -product Vivado -mode batch -messageDb vivado.pb -notrace -source top_wrapper.tcl


****** Vivado v2016.3 (64-bit)
  **** SW Build 1682563 on Mon Oct 10 19:07:26 MDT 2016
  **** IP Build 1681267 on Mon Oct 10 21:28:31 MDT 2016
    ** Copyright 1986-2016 Xilinx, Inc. All Rights Reserved.

source top_wrapper.tcl -notrace
INFO: [IP_Flow 19-234] Refreshing IP repositories
INFO: [IP_Flow 19-1700] Loaded user IP repository '/homes/palmiero/Desktop/DHT11_Controller/dht11_sa_top'.
INFO: [IP_Flow 19-2313] Loaded Vivado IP repository '/packages/LabSoC/Xilinx/Vivado/2016.3/data/ip'.
Command: synth_design -top top_wrapper -part xc7z010clg400-1 -flatten_hierarchy none
Starting synth_design
Attempting to get a license for feature 'Synthesis' and/or device 'xc7z010'
INFO: [Common 17-349] Got license for feature 'Synthesis' and/or device 'xc7z010'
INFO: Launching helper process for spawning children vivado processes
INFO: Helper process launched with PID 23077 
---------------------------------------------------------------------------------
Starting RTL Elaboration : Time (s): cpu = 00:00:08 ; elapsed = 00:00:11 . Memory (MB): peak = 1093.195 ; gain = 189.297 ; free physical = 9586 ; free virtual = 31089
---------------------------------------------------------------------------------
INFO: [Synth 8-638] synthesizing module 'top_wrapper' [/homes/palmiero/Desktop/DHT11_Controller/top.srcs/sources_1/bd/top/hdl/top_wrapper.v:12]
INFO: [Synth 8-638] synthesizing module 'top' [/homes/palmiero/Desktop/DHT11_Controller/top.srcs/sources_1/bd/top/hdl/top.v:13]
INFO: [Synth 8-638] synthesizing module 'top_dht11_sa_top_0' [/homes/palmiero/Desktop/DHT11_Controller/top.runs/synth_1/.Xil/Vivado-23048-meije/realtime/top_dht11_sa_top_0_stub.v:6]
INFO: [Synth 8-256] done synthesizing module 'top_dht11_sa_top_0' (1#1) [/homes/palmiero/Desktop/DHT11_Controller/top.runs/synth_1/.Xil/Vivado-23048-meije/realtime/top_dht11_sa_top_0_stub.v:6]
INFO: [Synth 8-638] synthesizing module 'top_ps7_0' [/homes/palmiero/Desktop/DHT11_Controller/top.runs/synth_1/.Xil/Vivado-23048-meije/realtime/top_ps7_0_stub.v:6]
INFO: [Synth 8-256] done synthesizing module 'top_ps7_0' (2#1) [/homes/palmiero/Desktop/DHT11_Controller/top.runs/synth_1/.Xil/Vivado-23048-meije/realtime/top_ps7_0_stub.v:6]
WARNING: [Synth 8-350] instance 'ps7' of module 'top_ps7_0' requires 30 connections, but only 23 given [/homes/palmiero/Desktop/DHT11_Controller/top.srcs/sources_1/bd/top/hdl/top.v:109]
INFO: [Synth 8-256] done synthesizing module 'top' (3#1) [/homes/palmiero/Desktop/DHT11_Controller/top.srcs/sources_1/bd/top/hdl/top.v:13]
INFO: [Synth 8-256] done synthesizing module 'top_wrapper' (4#1) [/homes/palmiero/Desktop/DHT11_Controller/top.srcs/sources_1/bd/top/hdl/top_wrapper.v:12]
---------------------------------------------------------------------------------
Finished RTL Elaboration : Time (s): cpu = 00:00:09 ; elapsed = 00:00:12 . Memory (MB): peak = 1134.664 ; gain = 230.766 ; free physical = 9542 ; free virtual = 31046
---------------------------------------------------------------------------------

Report Check Netlist: 
+------+------------------+-------+---------+-------+------------------+
|      |Item              |Errors |Warnings |Status |Description       |
+------+------------------+-------+---------+-------+------------------+
|1     |multi_driven_nets |      0|        0|Passed |Multi driven nets |
+------+------------------+-------+---------+-------+------------------+
---------------------------------------------------------------------------------
Finished RTL Optimization Phase 1 : Time (s): cpu = 00:00:09 ; elapsed = 00:00:12 . Memory (MB): peak = 1134.664 ; gain = 230.766 ; free physical = 9542 ; free virtual = 31046
---------------------------------------------------------------------------------
WARNING: [Project 1-486] Could not resolve non-primitive black box cell 'top_dht11_sa_top_0' instantiated as 'top_i/dht11_sa_top' [/homes/palmiero/Desktop/DHT11_Controller/top.srcs/sources_1/bd/top/hdl/top.v:102]
WARNING: [Project 1-486] Could not resolve non-primitive black box cell 'top_ps7_0' instantiated as 'top_i/ps7' [/homes/palmiero/Desktop/DHT11_Controller/top.srcs/sources_1/bd/top/hdl/top.v:109]
INFO: [Device 21-403] Loading part xc7z010clg400-1
INFO: [Project 1-570] Preparing netlist for logic optimization

Processing XDC Constraints
Initializing timing engine
Parsing XDC File [/homes/palmiero/Desktop/DHT11_Controller/top.runs/synth_1/.Xil/Vivado-23048-meije/dcp/top_ps7_0_in_context.xdc] for cell 'top_i/ps7'
Finished Parsing XDC File [/homes/palmiero/Desktop/DHT11_Controller/top.runs/synth_1/.Xil/Vivado-23048-meije/dcp/top_ps7_0_in_context.xdc] for cell 'top_i/ps7'
Parsing XDC File [/homes/palmiero/Desktop/DHT11_Controller/top.runs/synth_1/.Xil/Vivado-23048-meije/dcp_2/top_dht11_sa_top_0_in_context.xdc] for cell 'top_i/dht11_sa_top'
Finished Parsing XDC File [/homes/palmiero/Desktop/DHT11_Controller/top.runs/synth_1/.Xil/Vivado-23048-meije/dcp_2/top_dht11_sa_top_0_in_context.xdc] for cell 'top_i/dht11_sa_top'
Parsing XDC File [/homes/palmiero/Desktop/DHT11_Controller/top.runs/synth_1/dont_touch.xdc]
Finished Parsing XDC File [/homes/palmiero/Desktop/DHT11_Controller/top.runs/synth_1/dont_touch.xdc]
Completed Processing XDC Constraints

INFO: [Project 1-111] Unisim Transformation Summary:
No Unisim elements were transformed.

Constraint Validation Runtime : Time (s): cpu = 00:00:00 ; elapsed = 00:00:00.01 . Memory (MB): peak = 1372.145 ; gain = 0.000 ; free physical = 9368 ; free virtual = 30871
---------------------------------------------------------------------------------
Finished Constraint Validation : Time (s): cpu = 00:00:17 ; elapsed = 00:00:23 . Memory (MB): peak = 1373.145 ; gain = 469.246 ; free physical = 9368 ; free virtual = 30871
---------------------------------------------------------------------------------
---------------------------------------------------------------------------------
Start Loading Part and Timing Information
---------------------------------------------------------------------------------
Loading part: xc7z010clg400-1
---------------------------------------------------------------------------------
Finished Loading Part and Timing Information : Time (s): cpu = 00:00:17 ; elapsed = 00:00:23 . Memory (MB): peak = 1373.145 ; gain = 469.246 ; free physical = 9368 ; free virtual = 30871
---------------------------------------------------------------------------------
---------------------------------------------------------------------------------
Start Applying 'set_property' XDC Constraints
---------------------------------------------------------------------------------
Applied set_property IO_BUFFER_TYPE = NONE for DDR_addr[0]. (constraint file  /homes/palmiero/Desktop/DHT11_Controller/top.runs/synth_1/.Xil/Vivado-23048-meije/dcp/top_ps7_0_in_context.xdc, line 2).
Applied set_property CLOCK_BUFFER_TYPE = NONE for DDR_addr[0]. (constraint file  /homes/palmiero/Desktop/DHT11_Controller/top.runs/synth_1/.Xil/Vivado-23048-meije/dcp/top_ps7_0_in_context.xdc, line 3).
Applied set_property IO_BUFFER_TYPE = NONE for DDR_addr[10]. (constraint file  /homes/palmiero/Desktop/DHT11_Controller/top.runs/synth_1/.Xil/Vivado-23048-meije/dcp/top_ps7_0_in_context.xdc, line 4).
Applied set_property CLOCK_BUFFER_TYPE = NONE for DDR_addr[10]. (constraint file  /homes/palmiero/Desktop/DHT11_Controller/top.runs/synth_1/.Xil/Vivado-23048-meije/dcp/top_ps7_0_in_context.xdc, line 5).
Applied set_property IO_BUFFER_TYPE = NONE for DDR_addr[11]. (constraint file  /homes/palmiero/Desktop/DHT11_Controller/top.runs/synth_1/.Xil/Vivado-23048-meije/dcp/top_ps7_0_in_context.xdc, line 6).
Applied set_property CLOCK_BUFFER_TYPE = NONE for DDR_addr[11]. (constraint file  /homes/palmiero/Desktop/DHT11_Controller/top.runs/synth_1/.Xil/Vivado-23048-meije/dcp/top_ps7_0_in_context.xdc, line 7).
Applied set_property IO_BUFFER_TYPE = NONE for DDR_addr[12]. (constraint file  /homes/palmiero/Desktop/DHT11_Controller/top.runs/synth_1/.Xil/Vivado-23048-meije/dcp/top_ps7_0_in_context.xdc, line 8).
Applied set_property CLOCK_BUFFER_TYPE = NONE for DDR_addr[12]. (constraint file  /homes/palmiero/Desktop/DHT11_Controller/top.runs/synth_1/.Xil/Vivado-23048-meije/dcp/top_ps7_0_in_context.xdc, line 9).
Applied set_property IO_BUFFER_TYPE = NONE for DDR_addr[13]. (constraint file  /homes/palmiero/Desktop/DHT11_Controller/top.runs/synth_1/.Xil/Vivado-23048-meije/dcp/top_ps7_0_in_context.xdc, line 10).
Applied set_property CLOCK_BUFFER_TYPE = NONE for DDR_addr[13]. (constraint file  /homes/palmiero/Desktop/DHT11_Controller/top.runs/synth_1/.Xil/Vivado-23048-meije/dcp/top_ps7_0_in_context.xdc, line 11).
Applied set_property IO_BUFFER_TYPE = NONE for DDR_addr[14]. (constraint file  /homes/palmiero/Desktop/DHT11_Controller/top.runs/synth_1/.Xil/Vivado-23048-meije/dcp/top_ps7_0_in_context.xdc, line 12).
Applied set_property CLOCK_BUFFER_TYPE = NONE for DDR_addr[14]. (constraint file  /homes/palmiero/Desktop/DHT11_Controller/top.runs/synth_1/.Xil/Vivado-23048-meije/dcp/top_ps7_0_in_context.xdc, line 13).
Applied set_property IO_BUFFER_TYPE = NONE for DDR_addr[1]. (constraint file  /homes/palmiero/Desktop/DHT11_Controller/top.runs/synth_1/.Xil/Vivado-23048-meije/dcp/top_ps7_0_in_context.xdc, line 14).
Applied set_property CLOCK_BUFFER_TYPE = NONE for DDR_addr[1]. (constraint file  /homes/palmiero/Desktop/DHT11_Controller/top.runs/synth_1/.Xil/Vivado-23048-meije/dcp/top_ps7_0_in_context.xdc, line 15).
Applied set_property IO_BUFFER_TYPE = NONE for DDR_addr[2]. (constraint file  /homes/palmiero/Desktop/DHT11_Controller/top.runs/synth_1/.Xil/Vivado-23048-meije/dcp/top_ps7_0_in_context.xdc, line 16).
Applied set_property CLOCK_BUFFER_TYPE = NONE for DDR_addr[2]. (constraint file  /homes/palmiero/Desktop/DHT11_Controller/top.runs/synth_1/.Xil/Vivado-23048-meije/dcp/top_ps7_0_in_context.xdc, line 17).
Applied set_property IO_BUFFER_TYPE = NONE for DDR_addr[3]. (constraint file  /homes/palmiero/Desktop/DHT11_Controller/top.runs/synth_1/.Xil/Vivado-23048-meije/dcp/top_ps7_0_in_context.xdc, line 18).
Applied set_property CLOCK_BUFFER_TYPE = NONE for DDR_addr[3]. (constraint file  /homes/palmiero/Desktop/DHT11_Controller/top.runs/synth_1/.Xil/Vivado-23048-meije/dcp/top_ps7_0_in_context.xdc, line 19).
Applied set_property IO_BUFFER_TYPE = NONE for DDR_addr[4]. (constraint file  /homes/palmiero/Desktop/DHT11_Controller/top.runs/synth_1/.Xil/Vivado-23048-meije/dcp/top_ps7_0_in_context.xdc, line 20).
Applied set_property CLOCK_BUFFER_TYPE = NONE for DDR_addr[4]. (constraint file  /homes/palmiero/Desktop/DHT11_Controller/top.runs/synth_1/.Xil/Vivado-23048-meije/dcp/top_ps7_0_in_context.xdc, line 21).
Applied set_property IO_BUFFER_TYPE = NONE for DDR_addr[5]. (constraint file  /homes/palmiero/Desktop/DHT11_Controller/top.runs/synth_1/.Xil/Vivado-23048-meije/dcp/top_ps7_0_in_context.xdc, line 22).
Applied set_property CLOCK_BUFFER_TYPE = NONE for DDR_addr[5]. (constraint file  /homes/palmiero/Desktop/DHT11_Controller/top.runs/synth_1/.Xil/Vivado-23048-meije/dcp/top_ps7_0_in_context.xdc, line 23).
Applied set_property IO_BUFFER_TYPE = NONE for DDR_addr[6]. (constraint file  /homes/palmiero/Desktop/DHT11_Controller/top.runs/synth_1/.Xil/Vivado-23048-meije/dcp/top_ps7_0_in_context.xdc, line 24).
Applied set_property CLOCK_BUFFER_TYPE = NONE for DDR_addr[6]. (constraint file  /homes/palmiero/Desktop/DHT11_Controller/top.runs/synth_1/.Xil/Vivado-23048-meije/dcp/top_ps7_0_in_context.xdc, line 25).
Applied set_property IO_BUFFER_TYPE = NONE for DDR_addr[7]. (constraint file  /homes/palmiero/Desktop/DHT11_Controller/top.runs/synth_1/.Xil/Vivado-23048-meije/dcp/top_ps7_0_in_context.xdc, line 26).
Applied set_property CLOCK_BUFFER_TYPE = NONE for DDR_addr[7]. (constraint file  /homes/palmiero/Desktop/DHT11_Controller/top.runs/synth_1/.Xil/Vivado-23048-meije/dcp/top_ps7_0_in_context.xdc, line 27).
Applied set_property IO_BUFFER_TYPE = NONE for DDR_addr[8]. (constraint file  /homes/palmiero/Desktop/DHT11_Controller/top.runs/synth_1/.Xil/Vivado-23048-meije/dcp/top_ps7_0_in_context.xdc, line 28).
Applied set_property CLOCK_BUFFER_TYPE = NONE for DDR_addr[8]. (constraint file  /homes/palmiero/Desktop/DHT11_Controller/top.runs/synth_1/.Xil/Vivado-23048-meije/dcp/top_ps7_0_in_context.xdc, line 29).
Applied set_property IO_BUFFER_TYPE = NONE for DDR_addr[9]. (constraint file  /homes/palmiero/Desktop/DHT11_Controller/top.runs/synth_1/.Xil/Vivado-23048-meije/dcp/top_ps7_0_in_context.xdc, line 30).
Applied set_property CLOCK_BUFFER_TYPE = NONE for DDR_addr[9]. (constraint file  /homes/palmiero/Desktop/DHT11_Controller/top.runs/synth_1/.Xil/Vivado-23048-meije/dcp/top_ps7_0_in_context.xdc, line 31).
Applied set_property IO_BUFFER_TYPE = NONE for DDR_ba[0]. (constraint file  /homes/palmiero/Desktop/DHT11_Controller/top.runs/synth_1/.Xil/Vivado-23048-meije/dcp/top_ps7_0_in_context.xdc, line 32).
Applied set_property CLOCK_BUFFER_TYPE = NONE for DDR_ba[0]. (constraint file  /homes/palmiero/Desktop/DHT11_Controller/top.runs/synth_1/.Xil/Vivado-23048-meije/dcp/top_ps7_0_in_context.xdc, line 33).
Applied set_property IO_BUFFER_TYPE = NONE for DDR_ba[1]. (constraint file  /homes/palmiero/Desktop/DHT11_Controller/top.runs/synth_1/.Xil/Vivado-23048-meije/dcp/top_ps7_0_in_context.xdc, line 34).
Applied set_property CLOCK_BUFFER_TYPE = NONE for DDR_ba[1]. (constraint file  /homes/palmiero/Desktop/DHT11_Controller/top.runs/synth_1/.Xil/Vivado-23048-meije/dcp/top_ps7_0_in_context.xdc, line 35).
Applied set_property IO_BUFFER_TYPE = NONE for DDR_ba[2]. (constraint file  /homes/palmiero/Desktop/DHT11_Controller/top.runs/synth_1/.Xil/Vivado-23048-meije/dcp/top_ps7_0_in_context.xdc, line 36).
Applied set_property CLOCK_BUFFER_TYPE = NONE for DDR_ba[2]. (constraint file  /homes/palmiero/Desktop/DHT11_Controller/top.runs/synth_1/.Xil/Vivado-23048-meije/dcp/top_ps7_0_in_context.xdc, line 37).
Applied set_property IO_BUFFER_TYPE = NONE for DDR_cas_n. (constraint file  /homes/palmiero/Desktop/DHT11_Controller/top.runs/synth_1/.Xil/Vivado-23048-meije/dcp/top_ps7_0_in_context.xdc, line 38).
Applied set_property CLOCK_BUFFER_TYPE = NONE for DDR_cas_n. (constraint file  /homes/palmiero/Desktop/DHT11_Controller/top.runs/synth_1/.Xil/Vivado-23048-meije/dcp/top_ps7_0_in_context.xdc, line 39).
Applied set_property IO_BUFFER_TYPE = NONE for DDR_cke. (constraint file  /homes/palmiero/Desktop/DHT11_Controller/top.runs/synth_1/.Xil/Vivado-23048-meije/dcp/top_ps7_0_in_context.xdc, line 40).
Applied set_property CLOCK_BUFFER_TYPE = NONE for DDR_cke. (constraint file  /homes/palmiero/Desktop/DHT11_Controller/top.runs/synth_1/.Xil/Vivado-23048-meije/dcp/top_ps7_0_in_context.xdc, line 41).
Applied set_property IO_BUFFER_TYPE = NONE for DDR_cs_n. (constraint file  /homes/palmiero/Desktop/DHT11_Controller/top.runs/synth_1/.Xil/Vivado-23048-meije/dcp/top_ps7_0_in_context.xdc, line 42).
Applied set_property CLOCK_BUFFER_TYPE = NONE for DDR_cs_n. (constraint file  /homes/palmiero/Desktop/DHT11_Controller/top.runs/synth_1/.Xil/Vivado-23048-meije/dcp/top_ps7_0_in_context.xdc, line 43).
Applied set_property IO_BUFFER_TYPE = NONE for DDR_ck_p. (constraint file  /homes/palmiero/Desktop/DHT11_Controller/top.runs/synth_1/.Xil/Vivado-23048-meije/dcp/top_ps7_0_in_context.xdc, line 44).
Applied set_property CLOCK_BUFFER_TYPE = NONE for DDR_ck_p. (constraint file  /homes/palmiero/Desktop/DHT11_Controller/top.runs/synth_1/.Xil/Vivado-23048-meije/dcp/top_ps7_0_in_context.xdc, line 45).
Applied set_property IO_BUFFER_TYPE = NONE for DDR_ck_n. (constraint file  /homes/palmiero/Desktop/DHT11_Controller/top.runs/synth_1/.Xil/Vivado-23048-meije/dcp/top_ps7_0_in_context.xdc, line 46).
Applied set_property CLOCK_BUFFER_TYPE = NONE for DDR_ck_n. (constraint file  /homes/palmiero/Desktop/DHT11_Controller/top.runs/synth_1/.Xil/Vivado-23048-meije/dcp/top_ps7_0_in_context.xdc, line 47).
Applied set_property IO_BUFFER_TYPE = NONE for DDR_dm[0]. (constraint file  /homes/palmiero/Desktop/DHT11_Controller/top.runs/synth_1/.Xil/Vivado-23048-meije/dcp/top_ps7_0_in_context.xdc, line 48).
Applied set_property CLOCK_BUFFER_TYPE = NONE for DDR_dm[0]. (constraint file  /homes/palmiero/Desktop/DHT11_Controller/top.runs/synth_1/.Xil/Vivado-23048-meije/dcp/top_ps7_0_in_context.xdc, line 49).
Applied set_property IO_BUFFER_TYPE = NONE for DDR_dm[1]. (constraint file  /homes/palmiero/Desktop/DHT11_Controller/top.runs/synth_1/.Xil/Vivado-23048-meije/dcp/top_ps7_0_in_context.xdc, line 50).
Applied set_property CLOCK_BUFFER_TYPE = NONE for DDR_dm[1]. (constraint file  /homes/palmiero/Desktop/DHT11_Controller/top.runs/synth_1/.Xil/Vivado-23048-meije/dcp/top_ps7_0_in_context.xdc, line 51).
Applied set_property IO_BUFFER_TYPE = NONE for DDR_dm[2]. (constraint file  /homes/palmiero/Desktop/DHT11_Controller/top.runs/synth_1/.Xil/Vivado-23048-meije/dcp/top_ps7_0_in_context.xdc, line 52).
Applied set_property CLOCK_BUFFER_TYPE = NONE for DDR_dm[2]. (constraint file  /homes/palmiero/Desktop/DHT11_Controller/top.runs/synth_1/.Xil/Vivado-23048-meije/dcp/top_ps7_0_in_context.xdc, line 53).
Applied set_property IO_BUFFER_TYPE = NONE for DDR_dm[3]. (constraint file  /homes/palmiero/Desktop/DHT11_Controller/top.runs/synth_1/.Xil/Vivado-23048-meije/dcp/top_ps7_0_in_context.xdc, line 54).
Applied set_property CLOCK_BUFFER_TYPE = NONE for DDR_dm[3]. (constraint file  /homes/palmiero/Desktop/DHT11_Controller/top.runs/synth_1/.Xil/Vivado-23048-meije/dcp/top_ps7_0_in_context.xdc, line 55).
Applied set_property IO_BUFFER_TYPE = NONE for DDR_dqs_p[0]. (constraint file  /homes/palmiero/Desktop/DHT11_Controller/top.runs/synth_1/.Xil/Vivado-23048-meije/dcp/top_ps7_0_in_context.xdc, line 56).
Applied set_property CLOCK_BUFFER_TYPE = NONE for DDR_dqs_p[0]. (constraint file  /homes/palmiero/Desktop/DHT11_Controller/top.runs/synth_1/.Xil/Vivado-23048-meije/dcp/top_ps7_0_in_context.xdc, line 57).
Applied set_property IO_BUFFER_TYPE = NONE for DDR_dqs_p[1]. (constraint file  /homes/palmiero/Desktop/DHT11_Controller/top.runs/synth_1/.Xil/Vivado-23048-meije/dcp/top_ps7_0_in_context.xdc, line 58).
Applied set_property CLOCK_BUFFER_TYPE = NONE for DDR_dqs_p[1]. (constraint file  /homes/palmiero/Desktop/DHT11_Controller/top.runs/synth_1/.Xil/Vivado-23048-meije/dcp/top_ps7_0_in_context.xdc, line 59).
Applied set_property IO_BUFFER_TYPE = NONE for DDR_dqs_p[2]. (constraint file  /homes/palmiero/Desktop/DHT11_Controller/top.runs/synth_1/.Xil/Vivado-23048-meije/dcp/top_ps7_0_in_context.xdc, line 60).
Applied set_property CLOCK_BUFFER_TYPE = NONE for DDR_dqs_p[2]. (constraint file  /homes/palmiero/Desktop/DHT11_Controller/top.runs/synth_1/.Xil/Vivado-23048-meije/dcp/top_ps7_0_in_context.xdc, line 61).
Applied set_property IO_BUFFER_TYPE = NONE for DDR_dqs_p[3]. (constraint file  /homes/palmiero/Desktop/DHT11_Controller/top.runs/synth_1/.Xil/Vivado-23048-meije/dcp/top_ps7_0_in_context.xdc, line 62).
Applied set_property CLOCK_BUFFER_TYPE = NONE for DDR_dqs_p[3]. (constraint file  /homes/palmiero/Desktop/DHT11_Controller/top.runs/synth_1/.Xil/Vivado-23048-meije/dcp/top_ps7_0_in_context.xdc, line 63).
Applied set_property IO_BUFFER_TYPE = NONE for DDR_dqs_n[0]. (constraint file  /homes/palmiero/Desktop/DHT11_Controller/top.runs/synth_1/.Xil/Vivado-23048-meije/dcp/top_ps7_0_in_context.xdc, line 64).
Applied set_property CLOCK_BUFFER_TYPE = NONE for DDR_dqs_n[0]. (constraint file  /homes/palmiero/Desktop/DHT11_Controller/top.runs/synth_1/.Xil/Vivado-23048-meije/dcp/top_ps7_0_in_context.xdc, line 65).
Applied set_property IO_BUFFER_TYPE = NONE for DDR_dqs_n[1]. (constraint file  /homes/palmiero/Desktop/DHT11_Controller/top.runs/synth_1/.Xil/Vivado-23048-meije/dcp/top_ps7_0_in_context.xdc, line 66).
Applied set_property CLOCK_BUFFER_TYPE = NONE for DDR_dqs_n[1]. (constraint file  /homes/palmiero/Desktop/DHT11_Controller/top.runs/synth_1/.Xil/Vivado-23048-meije/dcp/top_ps7_0_in_context.xdc, line 67).
Applied set_property IO_BUFFER_TYPE = NONE for DDR_dqs_n[2]. (constraint file  /homes/palmiero/Desktop/DHT11_Controller/top.runs/synth_1/.Xil/Vivado-23048-meije/dcp/top_ps7_0_in_context.xdc, line 68).
Applied set_property CLOCK_BUFFER_TYPE = NONE for DDR_dqs_n[2]. (constraint file  /homes/palmiero/Desktop/DHT11_Controller/top.runs/synth_1/.Xil/Vivado-23048-meije/dcp/top_ps7_0_in_context.xdc, line 69).
Applied set_property IO_BUFFER_TYPE = NONE for DDR_dqs_n[3]. (constraint file  /homes/palmiero/Desktop/DHT11_Controller/top.runs/synth_1/.Xil/Vivado-23048-meije/dcp/top_ps7_0_in_context.xdc, line 70).
Applied set_property CLOCK_BUFFER_TYPE = NONE for DDR_dqs_n[3]. (constraint file  /homes/palmiero/Desktop/DHT11_Controller/top.runs/synth_1/.Xil/Vivado-23048-meije/dcp/top_ps7_0_in_context.xdc, line 71).
Applied set_property IO_BUFFER_TYPE = NONE for DDR_dq[0]. (constraint file  /homes/palmiero/Desktop/DHT11_Controller/top.runs/synth_1/.Xil/Vivado-23048-meije/dcp/top_ps7_0_in_context.xdc, line 72).
Applied set_property CLOCK_BUFFER_TYPE = NONE for DDR_dq[0]. (constraint file  /homes/palmiero/Desktop/DHT11_Controller/top.runs/synth_1/.Xil/Vivado-23048-meije/dcp/top_ps7_0_in_context.xdc, line 73).
Applied set_property IO_BUFFER_TYPE = NONE for DDR_dq[10]. (constraint file  /homes/palmiero/Desktop/DHT11_Controller/top.runs/synth_1/.Xil/Vivado-23048-meije/dcp/top_ps7_0_in_context.xdc, line 74).
Applied set_property CLOCK_BUFFER_TYPE = NONE for DDR_dq[10]. (constraint file  /homes/palmiero/Desktop/DHT11_Controller/top.runs/synth_1/.Xil/Vivado-23048-meije/dcp/top_ps7_0_in_context.xdc, line 75).
Applied set_property IO_BUFFER_TYPE = NONE for DDR_dq[11]. (constraint file  /homes/palmiero/Desktop/DHT11_Controller/top.runs/synth_1/.Xil/Vivado-23048-meije/dcp/top_ps7_0_in_context.xdc, line 76).
Applied set_property CLOCK_BUFFER_TYPE = NONE for DDR_dq[11]. (constraint file  /homes/palmiero/Desktop/DHT11_Controller/top.runs/synth_1/.Xil/Vivado-23048-meije/dcp/top_ps7_0_in_context.xdc, line 77).
Applied set_property IO_BUFFER_TYPE = NONE for DDR_dq[12]. (constraint file  /homes/palmiero/Desktop/DHT11_Controller/top.runs/synth_1/.Xil/Vivado-23048-meije/dcp/top_ps7_0_in_context.xdc, line 78).
Applied set_property CLOCK_BUFFER_TYPE = NONE for DDR_dq[12]. (constraint file  /homes/palmiero/Desktop/DHT11_Controller/top.runs/synth_1/.Xil/Vivado-23048-meije/dcp/top_ps7_0_in_context.xdc, line 79).
Applied set_property IO_BUFFER_TYPE = NONE for DDR_dq[13]. (constraint file  /homes/palmiero/Desktop/DHT11_Controller/top.runs/synth_1/.Xil/Vivado-23048-meije/dcp/top_ps7_0_in_context.xdc, line 80).
Applied set_property CLOCK_BUFFER_TYPE = NONE for DDR_dq[13]. (constraint file  /homes/palmiero/Desktop/DHT11_Controller/top.runs/synth_1/.Xil/Vivado-23048-meije/dcp/top_ps7_0_in_context.xdc, line 81).
Applied set_property IO_BUFFER_TYPE = NONE for DDR_dq[14]. (constraint file  /homes/palmiero/Desktop/DHT11_Controller/top.runs/synth_1/.Xil/Vivado-23048-meije/dcp/top_ps7_0_in_context.xdc, line 82).
Applied set_property CLOCK_BUFFER_TYPE = NONE for DDR_dq[14]. (constraint file  /homes/palmiero/Desktop/DHT11_Controller/top.runs/synth_1/.Xil/Vivado-23048-meije/dcp/top_ps7_0_in_context.xdc, line 83).
Applied set_property IO_BUFFER_TYPE = NONE for DDR_dq[15]. (constraint file  /homes/palmiero/Desktop/DHT11_Controller/top.runs/synth_1/.Xil/Vivado-23048-meije/dcp/top_ps7_0_in_context.xdc, line 84).
Applied set_property CLOCK_BUFFER_TYPE = NONE for DDR_dq[15]. (constraint file  /homes/palmiero/Desktop/DHT11_Controller/top.runs/synth_1/.Xil/Vivado-23048-meije/dcp/top_ps7_0_in_context.xdc, line 85).
Applied set_property IO_BUFFER_TYPE = NONE for DDR_dq[16]. (constraint file  /homes/palmiero/Desktop/DHT11_Controller/top.runs/synth_1/.Xil/Vivado-23048-meije/dcp/top_ps7_0_in_context.xdc, line 86).
Applied set_property CLOCK_BUFFER_TYPE = NONE for DDR_dq[16]. (constraint file  /homes/palmiero/Desktop/DHT11_Controller/top.runs/synth_1/.Xil/Vivado-23048-meije/dcp/top_ps7_0_in_context.xdc, line 87).
Applied set_property IO_BUFFER_TYPE = NONE for DDR_dq[17]. (constraint file  /homes/palmiero/Desktop/DHT11_Controller/top.runs/synth_1/.Xil/Vivado-23048-meije/dcp/top_ps7_0_in_context.xdc, line 88).
Applied set_property CLOCK_BUFFER_TYPE = NONE for DDR_dq[17]. (constraint file  /homes/palmiero/Desktop/DHT11_Controller/top.runs/synth_1/.Xil/Vivado-23048-meije/dcp/top_ps7_0_in_context.xdc, line 89).
Applied set_property IO_BUFFER_TYPE = NONE for DDR_dq[18]. (constraint file  /homes/palmiero/Desktop/DHT11_Controller/top.runs/synth_1/.Xil/Vivado-23048-meije/dcp/top_ps7_0_in_context.xdc, line 90).
Applied set_property CLOCK_BUFFER_TYPE = NONE for DDR_dq[18]. (constraint file  /homes/palmiero/Desktop/DHT11_Controller/top.runs/synth_1/.Xil/Vivado-23048-meije/dcp/top_ps7_0_in_context.xdc, line 91).
Applied set_property IO_BUFFER_TYPE = NONE for DDR_dq[19]. (constraint file  /homes/palmiero/Desktop/DHT11_Controller/top.runs/synth_1/.Xil/Vivado-23048-meije/dcp/top_ps7_0_in_context.xdc, line 92).
Applied set_property CLOCK_BUFFER_TYPE = NONE for DDR_dq[19]. (constraint file  /homes/palmiero/Desktop/DHT11_Controller/top.runs/synth_1/.Xil/Vivado-23048-meije/dcp/top_ps7_0_in_context.xdc, line 93).
Applied set_property IO_BUFFER_TYPE = NONE for DDR_dq[1]. (constraint file  /homes/palmiero/Desktop/DHT11_Controller/top.runs/synth_1/.Xil/Vivado-23048-meije/dcp/top_ps7_0_in_context.xdc, line 94).
Applied set_property CLOCK_BUFFER_TYPE = NONE for DDR_dq[1]. (constraint file  /homes/palmiero/Desktop/DHT11_Controller/top.runs/synth_1/.Xil/Vivado-23048-meije/dcp/top_ps7_0_in_context.xdc, line 95).
Applied set_property IO_BUFFER_TYPE = NONE for DDR_dq[20]. (constraint file  /homes/palmiero/Desktop/DHT11_Controller/top.runs/synth_1/.Xil/Vivado-23048-meije/dcp/top_ps7_0_in_context.xdc, line 96).
Applied set_property CLOCK_BUFFER_TYPE = NONE for DDR_dq[20]. (constraint file  /homes/palmiero/Desktop/DHT11_Controller/top.runs/synth_1/.Xil/Vivado-23048-meije/dcp/top_ps7_0_in_context.xdc, line 97).
Applied set_property IO_BUFFER_TYPE = NONE for DDR_dq[21]. (constraint file  /homes/palmiero/Desktop/DHT11_Controller/top.runs/synth_1/.Xil/Vivado-23048-meije/dcp/top_ps7_0_in_context.xdc, line 98).
Applied set_property CLOCK_BUFFER_TYPE = NONE for DDR_dq[21]. (constraint file  /homes/palmiero/Desktop/DHT11_Controller/top.runs/synth_1/.Xil/Vivado-23048-meije/dcp/top_ps7_0_in_context.xdc, line 99).
Applied set_property IO_BUFFER_TYPE = NONE for DDR_dq[22]. (constraint file  /homes/palmiero/Desktop/DHT11_Controller/top.runs/synth_1/.Xil/Vivado-23048-meije/dcp/top_ps7_0_in_context.xdc, line 100).
Applied set_property CLOCK_BUFFER_TYPE = NONE for DDR_dq[22]. (constraint file  /homes/palmiero/Desktop/DHT11_Controller/top.runs/synth_1/.Xil/Vivado-23048-meije/dcp/top_ps7_0_in_context.xdc, line 101).
Applied set_property IO_BUFFER_TYPE = NONE for DDR_dq[23]. (constraint file  /homes/palmiero/Desktop/DHT11_Controller/top.runs/synth_1/.Xil/Vivado-23048-meije/dcp/top_ps7_0_in_context.xdc, line 102).
Applied set_property CLOCK_BUFFER_TYPE = NONE for DDR_dq[23]. (constraint file  /homes/palmiero/Desktop/DHT11_Controller/top.runs/synth_1/.Xil/Vivado-23048-meije/dcp/top_ps7_0_in_context.xdc, line 103).
Applied set_property IO_BUFFER_TYPE = NONE for DDR_dq[24]. (constraint file  /homes/palmiero/Desktop/DHT11_Controller/top.runs/synth_1/.Xil/Vivado-23048-meije/dcp/top_ps7_0_in_context.xdc, line 104).
Applied set_property CLOCK_BUFFER_TYPE = NONE for DDR_dq[24]. (constraint file  /homes/palmiero/Desktop/DHT11_Controller/top.runs/synth_1/.Xil/Vivado-23048-meije/dcp/top_ps7_0_in_context.xdc, line 105).
Applied set_property IO_BUFFER_TYPE = NONE for DDR_dq[25]. (constraint file  /homes/palmiero/Desktop/DHT11_Controller/top.runs/synth_1/.Xil/Vivado-23048-meije/dcp/top_ps7_0_in_context.xdc, line 106).
Applied set_property CLOCK_BUFFER_TYPE = NONE for DDR_dq[25]. (constraint file  /homes/palmiero/Desktop/DHT11_Controller/top.runs/synth_1/.Xil/Vivado-23048-meije/dcp/top_ps7_0_in_context.xdc, line 107).
Applied set_property IO_BUFFER_TYPE = NONE for DDR_dq[26]. (constraint file  /homes/palmiero/Desktop/DHT11_Controller/top.runs/synth_1/.Xil/Vivado-23048-meije/dcp/top_ps7_0_in_context.xdc, line 108).
Applied set_property CLOCK_BUFFER_TYPE = NONE for DDR_dq[26]. (constraint file  /homes/palmiero/Desktop/DHT11_Controller/top.runs/synth_1/.Xil/Vivado-23048-meije/dcp/top_ps7_0_in_context.xdc, line 109).
Applied set_property IO_BUFFER_TYPE = NONE for DDR_dq[27]. (constraint file  /homes/palmiero/Desktop/DHT11_Controller/top.runs/synth_1/.Xil/Vivado-23048-meije/dcp/top_ps7_0_in_context.xdc, line 110).
Applied set_property CLOCK_BUFFER_TYPE = NONE for DDR_dq[27]. (constraint file  /homes/palmiero/Desktop/DHT11_Controller/top.runs/synth_1/.Xil/Vivado-23048-meije/dcp/top_ps7_0_in_context.xdc, line 111).
Applied set_property IO_BUFFER_TYPE = NONE for DDR_dq[28]. (constraint file  /homes/palmiero/Desktop/DHT11_Controller/top.runs/synth_1/.Xil/Vivado-23048-meije/dcp/top_ps7_0_in_context.xdc, line 112).
Applied set_property CLOCK_BUFFER_TYPE = NONE for DDR_dq[28]. (constraint file  /homes/palmiero/Desktop/DHT11_Controller/top.runs/synth_1/.Xil/Vivado-23048-meije/dcp/top_ps7_0_in_context.xdc, line 113).
Applied set_property IO_BUFFER_TYPE = NONE for DDR_dq[29]. (constraint file  /homes/palmiero/Desktop/DHT11_Controller/top.runs/synth_1/.Xil/Vivado-23048-meije/dcp/top_ps7_0_in_context.xdc, line 114).
Applied set_property CLOCK_BUFFER_TYPE = NONE for DDR_dq[29]. (constraint file  /homes/palmiero/Desktop/DHT11_Controller/top.runs/synth_1/.Xil/Vivado-23048-meije/dcp/top_ps7_0_in_context.xdc, line 115).
Applied set_property IO_BUFFER_TYPE = NONE for DDR_dq[2]. (constraint file  /homes/palmiero/Desktop/DHT11_Controller/top.runs/synth_1/.Xil/Vivado-23048-meije/dcp/top_ps7_0_in_context.xdc, line 116).
Applied set_property CLOCK_BUFFER_TYPE = NONE for DDR_dq[2]. (constraint file  /homes/palmiero/Desktop/DHT11_Controller/top.runs/synth_1/.Xil/Vivado-23048-meije/dcp/top_ps7_0_in_context.xdc, line 117).
Applied set_property IO_BUFFER_TYPE = NONE for DDR_dq[30]. (constraint file  /homes/palmiero/Desktop/DHT11_Controller/top.runs/synth_1/.Xil/Vivado-23048-meije/dcp/top_ps7_0_in_context.xdc, line 118).
Applied set_property CLOCK_BUFFER_TYPE = NONE for DDR_dq[30]. (constraint file  /homes/palmiero/Desktop/DHT11_Controller/top.runs/synth_1/.Xil/Vivado-23048-meije/dcp/top_ps7_0_in_context.xdc, line 119).
Applied set_property IO_BUFFER_TYPE = NONE for DDR_dq[31]. (constraint file  /homes/palmiero/Desktop/DHT11_Controller/top.runs/synth_1/.Xil/Vivado-23048-meije/dcp/top_ps7_0_in_context.xdc, line 120).
Applied set_property CLOCK_BUFFER_TYPE = NONE for DDR_dq[31]. (constraint file  /homes/palmiero/Desktop/DHT11_Controller/top.runs/synth_1/.Xil/Vivado-23048-meije/dcp/top_ps7_0_in_context.xdc, line 121).
Applied set_property IO_BUFFER_TYPE = NONE for DDR_dq[3]. (constraint file  /homes/palmiero/Desktop/DHT11_Controller/top.runs/synth_1/.Xil/Vivado-23048-meije/dcp/top_ps7_0_in_context.xdc, line 122).
Applied set_property CLOCK_BUFFER_TYPE = NONE for DDR_dq[3]. (constraint file  /homes/palmiero/Desktop/DHT11_Controller/top.runs/synth_1/.Xil/Vivado-23048-meije/dcp/top_ps7_0_in_context.xdc, line 123).
Applied set_property IO_BUFFER_TYPE = NONE for DDR_dq[4]. (constraint file  /homes/palmiero/Desktop/DHT11_Controller/top.runs/synth_1/.Xil/Vivado-23048-meije/dcp/top_ps7_0_in_context.xdc, line 124).
Applied set_property CLOCK_BUFFER_TYPE = NONE for DDR_dq[4]. (constraint file  /homes/palmiero/Desktop/DHT11_Controller/top.runs/synth_1/.Xil/Vivado-23048-meije/dcp/top_ps7_0_in_context.xdc, line 125).
Applied set_property IO_BUFFER_TYPE = NONE for DDR_dq[5]. (constraint file  /homes/palmiero/Desktop/DHT11_Controller/top.runs/synth_1/.Xil/Vivado-23048-meije/dcp/top_ps7_0_in_context.xdc, line 126).
Applied set_property CLOCK_BUFFER_TYPE = NONE for DDR_dq[5]. (constraint file  /homes/palmiero/Desktop/DHT11_Controller/top.runs/synth_1/.Xil/Vivado-23048-meije/dcp/top_ps7_0_in_context.xdc, line 127).
Applied set_property IO_BUFFER_TYPE = NONE for DDR_dq[6]. (constraint file  /homes/palmiero/Desktop/DHT11_Controller/top.runs/synth_1/.Xil/Vivado-23048-meije/dcp/top_ps7_0_in_context.xdc, line 128).
Applied set_property CLOCK_BUFFER_TYPE = NONE for DDR_dq[6]. (constraint file  /homes/palmiero/Desktop/DHT11_Controller/top.runs/synth_1/.Xil/Vivado-23048-meije/dcp/top_ps7_0_in_context.xdc, line 129).
Applied set_property IO_BUFFER_TYPE = NONE for DDR_dq[7]. (constraint file  /homes/palmiero/Desktop/DHT11_Controller/top.runs/synth_1/.Xil/Vivado-23048-meije/dcp/top_ps7_0_in_context.xdc, line 130).
Applied set_property CLOCK_BUFFER_TYPE = NONE for DDR_dq[7]. (constraint file  /homes/palmiero/Desktop/DHT11_Controller/top.runs/synth_1/.Xil/Vivado-23048-meije/dcp/top_ps7_0_in_context.xdc, line 131).
Applied set_property IO_BUFFER_TYPE = NONE for DDR_dq[8]. (constraint file  /homes/palmiero/Desktop/DHT11_Controller/top.runs/synth_1/.Xil/Vivado-23048-meije/dcp/top_ps7_0_in_context.xdc, line 132).
Applied set_property CLOCK_BUFFER_TYPE = NONE for DDR_dq[8]. (constraint file  /homes/palmiero/Desktop/DHT11_Controller/top.runs/synth_1/.Xil/Vivado-23048-meije/dcp/top_ps7_0_in_context.xdc, line 133).
Applied set_property IO_BUFFER_TYPE = NONE for DDR_dq[9]. (constraint file  /homes/palmiero/Desktop/DHT11_Controller/top.runs/synth_1/.Xil/Vivado-23048-meije/dcp/top_ps7_0_in_context.xdc, line 134).
Applied set_property CLOCK_BUFFER_TYPE = NONE for DDR_dq[9]. (constraint file  /homes/palmiero/Desktop/DHT11_Controller/top.runs/synth_1/.Xil/Vivado-23048-meije/dcp/top_ps7_0_in_context.xdc, line 135).
Applied set_property IO_BUFFER_TYPE = NONE for DDR_reset_n. (constraint file  /homes/palmiero/Desktop/DHT11_Controller/top.runs/synth_1/.Xil/Vivado-23048-meije/dcp/top_ps7_0_in_context.xdc, line 136).
Applied set_property CLOCK_BUFFER_TYPE = NONE for DDR_reset_n. (constraint file  /homes/palmiero/Desktop/DHT11_Controller/top.runs/synth_1/.Xil/Vivado-23048-meije/dcp/top_ps7_0_in_context.xdc, line 137).
Applied set_property IO_BUFFER_TYPE = NONE for DDR_odt. (constraint file  /homes/palmiero/Desktop/DHT11_Controller/top.runs/synth_1/.Xil/Vivado-23048-meije/dcp/top_ps7_0_in_context.xdc, line 138).
Applied set_property CLOCK_BUFFER_TYPE = NONE for DDR_odt. (constraint file  /homes/palmiero/Desktop/DHT11_Controller/top.runs/synth_1/.Xil/Vivado-23048-meije/dcp/top_ps7_0_in_context.xdc, line 139).
Applied set_property IO_BUFFER_TYPE = NONE for DDR_ras_n. (constraint file  /homes/palmiero/Desktop/DHT11_Controller/top.runs/synth_1/.Xil/Vivado-23048-meije/dcp/top_ps7_0_in_context.xdc, line 140).
Applied set_property CLOCK_BUFFER_TYPE = NONE for DDR_ras_n. (constraint file  /homes/palmiero/Desktop/DHT11_Controller/top.runs/synth_1/.Xil/Vivado-23048-meije/dcp/top_ps7_0_in_context.xdc, line 141).
Applied set_property IO_BUFFER_TYPE = NONE for FIXED_IO_ddr_vrn. (constraint file  /homes/palmiero/Desktop/DHT11_Controller/top.runs/synth_1/.Xil/Vivado-23048-meije/dcp/top_ps7_0_in_context.xdc, line 142).
Applied set_property CLOCK_BUFFER_TYPE = NONE for FIXED_IO_ddr_vrn. (constraint file  /homes/palmiero/Desktop/DHT11_Controller/top.runs/synth_1/.Xil/Vivado-23048-meije/dcp/top_ps7_0_in_context.xdc, line 143).
Applied set_property IO_BUFFER_TYPE = NONE for FIXED_IO_ddr_vrp. (constraint file  /homes/palmiero/Desktop/DHT11_Controller/top.runs/synth_1/.Xil/Vivado-23048-meije/dcp/top_ps7_0_in_context.xdc, line 144).
Applied set_property CLOCK_BUFFER_TYPE = NONE for FIXED_IO_ddr_vrp. (constraint file  /homes/palmiero/Desktop/DHT11_Controller/top.runs/synth_1/.Xil/Vivado-23048-meije/dcp/top_ps7_0_in_context.xdc, line 145).
Applied set_property IO_BUFFER_TYPE = NONE for DDR_we_n. (constraint file  /homes/palmiero/Desktop/DHT11_Controller/top.runs/synth_1/.Xil/Vivado-23048-meije/dcp/top_ps7_0_in_context.xdc, line 146).
Applied set_property CLOCK_BUFFER_TYPE = NONE for DDR_we_n. (constraint file  /homes/palmiero/Desktop/DHT11_Controller/top.runs/synth_1/.Xil/Vivado-23048-meije/dcp/top_ps7_0_in_context.xdc, line 147).
Applied set_property IO_BUFFER_TYPE = NONE for FIXED_IO_mio[0]. (constraint file  /homes/palmiero/Desktop/DHT11_Controller/top.runs/synth_1/.Xil/Vivado-23048-meije/dcp/top_ps7_0_in_context.xdc, line 148).
Applied set_property CLOCK_BUFFER_TYPE = NONE for FIXED_IO_mio[0]. (constraint file  /homes/palmiero/Desktop/DHT11_Controller/top.runs/synth_1/.Xil/Vivado-23048-meije/dcp/top_ps7_0_in_context.xdc, line 149).
Applied set_property IO_BUFFER_TYPE = NONE for FIXED_IO_mio[10]. (constraint file  /homes/palmiero/Desktop/DHT11_Controller/top.runs/synth_1/.Xil/Vivado-23048-meije/dcp/top_ps7_0_in_context.xdc, line 150).
Applied set_property CLOCK_BUFFER_TYPE = NONE for FIXED_IO_mio[10]. (constraint file  /homes/palmiero/Desktop/DHT11_Controller/top.runs/synth_1/.Xil/Vivado-23048-meije/dcp/top_ps7_0_in_context.xdc, line 151).
Applied set_property IO_BUFFER_TYPE = NONE for FIXED_IO_mio[11]. (constraint file  /homes/palmiero/Desktop/DHT11_Controller/top.runs/synth_1/.Xil/Vivado-23048-meije/dcp/top_ps7_0_in_context.xdc, line 152).
Applied set_property CLOCK_BUFFER_TYPE = NONE for FIXED_IO_mio[11]. (constraint file  /homes/palmiero/Desktop/DHT11_Controller/top.runs/synth_1/.Xil/Vivado-23048-meije/dcp/top_ps7_0_in_context.xdc, line 153).
Applied set_property IO_BUFFER_TYPE = NONE for FIXED_IO_mio[12]. (constraint file  /homes/palmiero/Desktop/DHT11_Controller/top.runs/synth_1/.Xil/Vivado-23048-meije/dcp/top_ps7_0_in_context.xdc, line 154).
Applied set_property CLOCK_BUFFER_TYPE = NONE for FIXED_IO_mio[12]. (constraint file  /homes/palmiero/Desktop/DHT11_Controller/top.runs/synth_1/.Xil/Vivado-23048-meije/dcp/top_ps7_0_in_context.xdc, line 155).
Applied set_property IO_BUFFER_TYPE = NONE for FIXED_IO_mio[13]. (constraint file  /homes/palmiero/Desktop/DHT11_Controller/top.runs/synth_1/.Xil/Vivado-23048-meije/dcp/top_ps7_0_in_context.xdc, line 156).
Applied set_property CLOCK_BUFFER_TYPE = NONE for FIXED_IO_mio[13]. (constraint file  /homes/palmiero/Desktop/DHT11_Controller/top.runs/synth_1/.Xil/Vivado-23048-meije/dcp/top_ps7_0_in_context.xdc, line 157).
Applied set_property IO_BUFFER_TYPE = NONE for FIXED_IO_mio[14]. (constraint file  /homes/palmiero/Desktop/DHT11_Controller/top.runs/synth_1/.Xil/Vivado-23048-meije/dcp/top_ps7_0_in_context.xdc, line 158).
Applied set_property CLOCK_BUFFER_TYPE = NONE for FIXED_IO_mio[14]. (constraint file  /homes/palmiero/Desktop/DHT11_Controller/top.runs/synth_1/.Xil/Vivado-23048-meije/dcp/top_ps7_0_in_context.xdc, line 159).
Applied set_property IO_BUFFER_TYPE = NONE for FIXED_IO_mio[15]. (constraint file  /homes/palmiero/Desktop/DHT11_Controller/top.runs/synth_1/.Xil/Vivado-23048-meije/dcp/top_ps7_0_in_context.xdc, line 160).
Applied set_property CLOCK_BUFFER_TYPE = NONE for FIXED_IO_mio[15]. (constraint file  /homes/palmiero/Desktop/DHT11_Controller/top.runs/synth_1/.Xil/Vivado-23048-meije/dcp/top_ps7_0_in_context.xdc, line 161).
Applied set_property IO_BUFFER_TYPE = NONE for FIXED_IO_mio[16]. (constraint file  /homes/palmiero/Desktop/DHT11_Controller/top.runs/synth_1/.Xil/Vivado-23048-meije/dcp/top_ps7_0_in_context.xdc, line 162).
Applied set_property CLOCK_BUFFER_TYPE = NONE for FIXED_IO_mio[16]. (constraint file  /homes/palmiero/Desktop/DHT11_Controller/top.runs/synth_1/.Xil/Vivado-23048-meije/dcp/top_ps7_0_in_context.xdc, line 163).
Applied set_property IO_BUFFER_TYPE = NONE for FIXED_IO_mio[17]. (constraint file  /homes/palmiero/Desktop/DHT11_Controller/top.runs/synth_1/.Xil/Vivado-23048-meije/dcp/top_ps7_0_in_context.xdc, line 164).
Applied set_property CLOCK_BUFFER_TYPE = NONE for FIXED_IO_mio[17]. (constraint file  /homes/palmiero/Desktop/DHT11_Controller/top.runs/synth_1/.Xil/Vivado-23048-meije/dcp/top_ps7_0_in_context.xdc, line 165).
Applied set_property IO_BUFFER_TYPE = NONE for FIXED_IO_mio[18]. (constraint file  /homes/palmiero/Desktop/DHT11_Controller/top.runs/synth_1/.Xil/Vivado-23048-meije/dcp/top_ps7_0_in_context.xdc, line 166).
Applied set_property CLOCK_BUFFER_TYPE = NONE for FIXED_IO_mio[18]. (constraint file  /homes/palmiero/Desktop/DHT11_Controller/top.runs/synth_1/.Xil/Vivado-23048-meije/dcp/top_ps7_0_in_context.xdc, line 167).
Applied set_property IO_BUFFER_TYPE = NONE for FIXED_IO_mio[19]. (constraint file  /homes/palmiero/Desktop/DHT11_Controller/top.runs/synth_1/.Xil/Vivado-23048-meije/dcp/top_ps7_0_in_context.xdc, line 168).
Applied set_property CLOCK_BUFFER_TYPE = NONE for FIXED_IO_mio[19]. (constraint file  /homes/palmiero/Desktop/DHT11_Controller/top.runs/synth_1/.Xil/Vivado-23048-meije/dcp/top_ps7_0_in_context.xdc, line 169).
Applied set_property IO_BUFFER_TYPE = NONE for FIXED_IO_mio[1]. (constraint file  /homes/palmiero/Desktop/DHT11_Controller/top.runs/synth_1/.Xil/Vivado-23048-meije/dcp/top_ps7_0_in_context.xdc, line 170).
Applied set_property CLOCK_BUFFER_TYPE = NONE for FIXED_IO_mio[1]. (constraint file  /homes/palmiero/Desktop/DHT11_Controller/top.runs/synth_1/.Xil/Vivado-23048-meije/dcp/top_ps7_0_in_context.xdc, line 171).
Applied set_property IO_BUFFER_TYPE = NONE for FIXED_IO_mio[20]. (constraint file  /homes/palmiero/Desktop/DHT11_Controller/top.runs/synth_1/.Xil/Vivado-23048-meije/dcp/top_ps7_0_in_context.xdc, line 172).
Applied set_property CLOCK_BUFFER_TYPE = NONE for FIXED_IO_mio[20]. (constraint file  /homes/palmiero/Desktop/DHT11_Controller/top.runs/synth_1/.Xil/Vivado-23048-meije/dcp/top_ps7_0_in_context.xdc, line 173).
Applied set_property IO_BUFFER_TYPE = NONE for FIXED_IO_mio[21]. (constraint file  /homes/palmiero/Desktop/DHT11_Controller/top.runs/synth_1/.Xil/Vivado-23048-meije/dcp/top_ps7_0_in_context.xdc, line 174).
Applied set_property CLOCK_BUFFER_TYPE = NONE for FIXED_IO_mio[21]. (constraint file  /homes/palmiero/Desktop/DHT11_Controller/top.runs/synth_1/.Xil/Vivado-23048-meije/dcp/top_ps7_0_in_context.xdc, line 175).
Applied set_property IO_BUFFER_TYPE = NONE for FIXED_IO_mio[22]. (constraint file  /homes/palmiero/Desktop/DHT11_Controller/top.runs/synth_1/.Xil/Vivado-23048-meije/dcp/top_ps7_0_in_context.xdc, line 176).
Applied set_property CLOCK_BUFFER_TYPE = NONE for FIXED_IO_mio[22]. (constraint file  /homes/palmiero/Desktop/DHT11_Controller/top.runs/synth_1/.Xil/Vivado-23048-meije/dcp/top_ps7_0_in_context.xdc, line 177).
Applied set_property IO_BUFFER_TYPE = NONE for FIXED_IO_mio[23]. (constraint file  /homes/palmiero/Desktop/DHT11_Controller/top.runs/synth_1/.Xil/Vivado-23048-meije/dcp/top_ps7_0_in_context.xdc, line 178).
Applied set_property CLOCK_BUFFER_TYPE = NONE for FIXED_IO_mio[23]. (constraint file  /homes/palmiero/Desktop/DHT11_Controller/top.runs/synth_1/.Xil/Vivado-23048-meije/dcp/top_ps7_0_in_context.xdc, line 179).
Applied set_property IO_BUFFER_TYPE = NONE for FIXED_IO_mio[24]. (constraint file  /homes/palmiero/Desktop/DHT11_Controller/top.runs/synth_1/.Xil/Vivado-23048-meije/dcp/top_ps7_0_in_context.xdc, line 180).
Applied set_property CLOCK_BUFFER_TYPE = NONE for FIXED_IO_mio[24]. (constraint file  /homes/palmiero/Desktop/DHT11_Controller/top.runs/synth_1/.Xil/Vivado-23048-meije/dcp/top_ps7_0_in_context.xdc, line 181).
Applied set_property IO_BUFFER_TYPE = NONE for FIXED_IO_mio[25]. (constraint file  /homes/palmiero/Desktop/DHT11_Controller/top.runs/synth_1/.Xil/Vivado-23048-meije/dcp/top_ps7_0_in_context.xdc, line 182).
Applied set_property CLOCK_BUFFER_TYPE = NONE for FIXED_IO_mio[25]. (constraint file  /homes/palmiero/Desktop/DHT11_Controller/top.runs/synth_1/.Xil/Vivado-23048-meije/dcp/top_ps7_0_in_context.xdc, line 183).
Applied set_property IO_BUFFER_TYPE = NONE for FIXED_IO_mio[26]. (constraint file  /homes/palmiero/Desktop/DHT11_Controller/top.runs/synth_1/.Xil/Vivado-23048-meije/dcp/top_ps7_0_in_context.xdc, line 184).
Applied set_property CLOCK_BUFFER_TYPE = NONE for FIXED_IO_mio[26]. (constraint file  /homes/palmiero/Desktop/DHT11_Controller/top.runs/synth_1/.Xil/Vivado-23048-meije/dcp/top_ps7_0_in_context.xdc, line 185).
Applied set_property IO_BUFFER_TYPE = NONE for FIXED_IO_mio[27]. (constraint file  /homes/palmiero/Desktop/DHT11_Controller/top.runs/synth_1/.Xil/Vivado-23048-meije/dcp/top_ps7_0_in_context.xdc, line 186).
Applied set_property CLOCK_BUFFER_TYPE = NONE for FIXED_IO_mio[27]. (constraint file  /homes/palmiero/Desktop/DHT11_Controller/top.runs/synth_1/.Xil/Vivado-23048-meije/dcp/top_ps7_0_in_context.xdc, line 187).
Applied set_property IO_BUFFER_TYPE = NONE for FIXED_IO_mio[28]. (constraint file  /homes/palmiero/Desktop/DHT11_Controller/top.runs/synth_1/.Xil/Vivado-23048-meije/dcp/top_ps7_0_in_context.xdc, line 188).
Applied set_property CLOCK_BUFFER_TYPE = NONE for FIXED_IO_mio[28]. (constraint file  /homes/palmiero/Desktop/DHT11_Controller/top.runs/synth_1/.Xil/Vivado-23048-meije/dcp/top_ps7_0_in_context.xdc, line 189).
Applied set_property IO_BUFFER_TYPE = NONE for FIXED_IO_mio[29]. (constraint file  /homes/palmiero/Desktop/DHT11_Controller/top.runs/synth_1/.Xil/Vivado-23048-meije/dcp/top_ps7_0_in_context.xdc, line 190).
Applied set_property CLOCK_BUFFER_TYPE = NONE for FIXED_IO_mio[29]. (constraint file  /homes/palmiero/Desktop/DHT11_Controller/top.runs/synth_1/.Xil/Vivado-23048-meije/dcp/top_ps7_0_in_context.xdc, line 191).
Applied set_property IO_BUFFER_TYPE = NONE for FIXED_IO_mio[2]. (constraint file  /homes/palmiero/Desktop/DHT11_Controller/top.runs/synth_1/.Xil/Vivado-23048-meije/dcp/top_ps7_0_in_context.xdc, line 192).
Applied set_property CLOCK_BUFFER_TYPE = NONE for FIXED_IO_mio[2]. (constraint file  /homes/palmiero/Desktop/DHT11_Controller/top.runs/synth_1/.Xil/Vivado-23048-meije/dcp/top_ps7_0_in_context.xdc, line 193).
Applied set_property IO_BUFFER_TYPE = NONE for FIXED_IO_mio[30]. (constraint file  /homes/palmiero/Desktop/DHT11_Controller/top.runs/synth_1/.Xil/Vivado-23048-meije/dcp/top_ps7_0_in_context.xdc, line 194).
Applied set_property CLOCK_BUFFER_TYPE = NONE for FIXED_IO_mio[30]. (constraint file  /homes/palmiero/Desktop/DHT11_Controller/top.runs/synth_1/.Xil/Vivado-23048-meije/dcp/top_ps7_0_in_context.xdc, line 195).
Applied set_property IO_BUFFER_TYPE = NONE for FIXED_IO_mio[31]. (constraint file  /homes/palmiero/Desktop/DHT11_Controller/top.runs/synth_1/.Xil/Vivado-23048-meije/dcp/top_ps7_0_in_context.xdc, line 196).
Applied set_property CLOCK_BUFFER_TYPE = NONE for FIXED_IO_mio[31]. (constraint file  /homes/palmiero/Desktop/DHT11_Controller/top.runs/synth_1/.Xil/Vivado-23048-meije/dcp/top_ps7_0_in_context.xdc, line 197).
Applied set_property IO_BUFFER_TYPE = NONE for FIXED_IO_mio[32]. (constraint file  /homes/palmiero/Desktop/DHT11_Controller/top.runs/synth_1/.Xil/Vivado-23048-meije/dcp/top_ps7_0_in_context.xdc, line 198).
Applied set_property CLOCK_BUFFER_TYPE = NONE for FIXED_IO_mio[32]. (constraint file  /homes/palmiero/Desktop/DHT11_Controller/top.runs/synth_1/.Xil/Vivado-23048-meije/dcp/top_ps7_0_in_context.xdc, line 199).
Applied set_property IO_BUFFER_TYPE = NONE for FIXED_IO_mio[33]. (constraint file  /homes/palmiero/Desktop/DHT11_Controller/top.runs/synth_1/.Xil/Vivado-23048-meije/dcp/top_ps7_0_in_context.xdc, line 200).
Applied set_property CLOCK_BUFFER_TYPE = NONE for FIXED_IO_mio[33]. (constraint file  /homes/palmiero/Desktop/DHT11_Controller/top.runs/synth_1/.Xil/Vivado-23048-meije/dcp/top_ps7_0_in_context.xdc, line 201).
Applied set_property IO_BUFFER_TYPE = NONE for FIXED_IO_mio[34]. (constraint file  /homes/palmiero/Desktop/DHT11_Controller/top.runs/synth_1/.Xil/Vivado-23048-meije/dcp/top_ps7_0_in_context.xdc, line 202).
Applied set_property CLOCK_BUFFER_TYPE = NONE for FIXED_IO_mio[34]. (constraint file  /homes/palmiero/Desktop/DHT11_Controller/top.runs/synth_1/.Xil/Vivado-23048-meije/dcp/top_ps7_0_in_context.xdc, line 203).
Applied set_property IO_BUFFER_TYPE = NONE for FIXED_IO_mio[35]. (constraint file  /homes/palmiero/Desktop/DHT11_Controller/top.runs/synth_1/.Xil/Vivado-23048-meije/dcp/top_ps7_0_in_context.xdc, line 204).
Applied set_property CLOCK_BUFFER_TYPE = NONE for FIXED_IO_mio[35]. (constraint file  /homes/palmiero/Desktop/DHT11_Controller/top.runs/synth_1/.Xil/Vivado-23048-meije/dcp/top_ps7_0_in_context.xdc, line 205).
Applied set_property IO_BUFFER_TYPE = NONE for FIXED_IO_mio[36]. (constraint file  /homes/palmiero/Desktop/DHT11_Controller/top.runs/synth_1/.Xil/Vivado-23048-meije/dcp/top_ps7_0_in_context.xdc, line 206).
Applied set_property CLOCK_BUFFER_TYPE = NONE for FIXED_IO_mio[36]. (constraint file  /homes/palmiero/Desktop/DHT11_Controller/top.runs/synth_1/.Xil/Vivado-23048-meije/dcp/top_ps7_0_in_context.xdc, line 207).
Applied set_property IO_BUFFER_TYPE = NONE for FIXED_IO_mio[37]. (constraint file  /homes/palmiero/Desktop/DHT11_Controller/top.runs/synth_1/.Xil/Vivado-23048-meije/dcp/top_ps7_0_in_context.xdc, line 208).
Applied set_property CLOCK_BUFFER_TYPE = NONE for FIXED_IO_mio[37]. (constraint file  /homes/palmiero/Desktop/DHT11_Controller/top.runs/synth_1/.Xil/Vivado-23048-meije/dcp/top_ps7_0_in_context.xdc, line 209).
Applied set_property IO_BUFFER_TYPE = NONE for FIXED_IO_mio[38]. (constraint file  /homes/palmiero/Desktop/DHT11_Controller/top.runs/synth_1/.Xil/Vivado-23048-meije/dcp/top_ps7_0_in_context.xdc, line 210).
Applied set_property CLOCK_BUFFER_TYPE = NONE for FIXED_IO_mio[38]. (constraint file  /homes/palmiero/Desktop/DHT11_Controller/top.runs/synth_1/.Xil/Vivado-23048-meije/dcp/top_ps7_0_in_context.xdc, line 211).
Applied set_property IO_BUFFER_TYPE = NONE for FIXED_IO_mio[39]. (constraint file  /homes/palmiero/Desktop/DHT11_Controller/top.runs/synth_1/.Xil/Vivado-23048-meije/dcp/top_ps7_0_in_context.xdc, line 212).
Applied set_property CLOCK_BUFFER_TYPE = NONE for FIXED_IO_mio[39]. (constraint file  /homes/palmiero/Desktop/DHT11_Controller/top.runs/synth_1/.Xil/Vivado-23048-meije/dcp/top_ps7_0_in_context.xdc, line 213).
Applied set_property IO_BUFFER_TYPE = NONE for FIXED_IO_mio[3]. (constraint file  /homes/palmiero/Desktop/DHT11_Controller/top.runs/synth_1/.Xil/Vivado-23048-meije/dcp/top_ps7_0_in_context.xdc, line 214).
Applied set_property CLOCK_BUFFER_TYPE = NONE for FIXED_IO_mio[3]. (constraint file  /homes/palmiero/Desktop/DHT11_Controller/top.runs/synth_1/.Xil/Vivado-23048-meije/dcp/top_ps7_0_in_context.xdc, line 215).
Applied set_property IO_BUFFER_TYPE = NONE for FIXED_IO_mio[40]. (constraint file  /homes/palmiero/Desktop/DHT11_Controller/top.runs/synth_1/.Xil/Vivado-23048-meije/dcp/top_ps7_0_in_context.xdc, line 216).
Applied set_property CLOCK_BUFFER_TYPE = NONE for FIXED_IO_mio[40]. (constraint file  /homes/palmiero/Desktop/DHT11_Controller/top.runs/synth_1/.Xil/Vivado-23048-meije/dcp/top_ps7_0_in_context.xdc, line 217).
Applied set_property IO_BUFFER_TYPE = NONE for FIXED_IO_mio[41]. (constraint file  /homes/palmiero/Desktop/DHT11_Controller/top.runs/synth_1/.Xil/Vivado-23048-meije/dcp/top_ps7_0_in_context.xdc, line 218).
Applied set_property CLOCK_BUFFER_TYPE = NONE for FIXED_IO_mio[41]. (constraint file  /homes/palmiero/Desktop/DHT11_Controller/top.runs/synth_1/.Xil/Vivado-23048-meije/dcp/top_ps7_0_in_context.xdc, line 219).
Applied set_property IO_BUFFER_TYPE = NONE for FIXED_IO_mio[42]. (constraint file  /homes/palmiero/Desktop/DHT11_Controller/top.runs/synth_1/.Xil/Vivado-23048-meije/dcp/top_ps7_0_in_context.xdc, line 220).
Applied set_property CLOCK_BUFFER_TYPE = NONE for FIXED_IO_mio[42]. (constraint file  /homes/palmiero/Desktop/DHT11_Controller/top.runs/synth_1/.Xil/Vivado-23048-meije/dcp/top_ps7_0_in_context.xdc, line 221).
Applied set_property IO_BUFFER_TYPE = NONE for FIXED_IO_mio[43]. (constraint file  /homes/palmiero/Desktop/DHT11_Controller/top.runs/synth_1/.Xil/Vivado-23048-meije/dcp/top_ps7_0_in_context.xdc, line 222).
Applied set_property CLOCK_BUFFER_TYPE = NONE for FIXED_IO_mio[43]. (constraint file  /homes/palmiero/Desktop/DHT11_Controller/top.runs/synth_1/.Xil/Vivado-23048-meije/dcp/top_ps7_0_in_context.xdc, line 223).
Applied set_property IO_BUFFER_TYPE = NONE for FIXED_IO_mio[44]. (constraint file  /homes/palmiero/Desktop/DHT11_Controller/top.runs/synth_1/.Xil/Vivado-23048-meije/dcp/top_ps7_0_in_context.xdc, line 224).
Applied set_property CLOCK_BUFFER_TYPE = NONE for FIXED_IO_mio[44]. (constraint file  /homes/palmiero/Desktop/DHT11_Controller/top.runs/synth_1/.Xil/Vivado-23048-meije/dcp/top_ps7_0_in_context.xdc, line 225).
Applied set_property IO_BUFFER_TYPE = NONE for FIXED_IO_mio[45]. (constraint file  /homes/palmiero/Desktop/DHT11_Controller/top.runs/synth_1/.Xil/Vivado-23048-meije/dcp/top_ps7_0_in_context.xdc, line 226).
Applied set_property CLOCK_BUFFER_TYPE = NONE for FIXED_IO_mio[45]. (constraint file  /homes/palmiero/Desktop/DHT11_Controller/top.runs/synth_1/.Xil/Vivado-23048-meije/dcp/top_ps7_0_in_context.xdc, line 227).
Applied set_property IO_BUFFER_TYPE = NONE for FIXED_IO_mio[46]. (constraint file  /homes/palmiero/Desktop/DHT11_Controller/top.runs/synth_1/.Xil/Vivado-23048-meije/dcp/top_ps7_0_in_context.xdc, line 228).
Applied set_property CLOCK_BUFFER_TYPE = NONE for FIXED_IO_mio[46]. (constraint file  /homes/palmiero/Desktop/DHT11_Controller/top.runs/synth_1/.Xil/Vivado-23048-meije/dcp/top_ps7_0_in_context.xdc, line 229).
Applied set_property IO_BUFFER_TYPE = NONE for FIXED_IO_mio[47]. (constraint file  /homes/palmiero/Desktop/DHT11_Controller/top.runs/synth_1/.Xil/Vivado-23048-meije/dcp/top_ps7_0_in_context.xdc, line 230).
Applied set_property CLOCK_BUFFER_TYPE = NONE for FIXED_IO_mio[47]. (constraint file  /homes/palmiero/Desktop/DHT11_Controller/top.runs/synth_1/.Xil/Vivado-23048-meije/dcp/top_ps7_0_in_context.xdc, line 231).
Applied set_property IO_BUFFER_TYPE = NONE for FIXED_IO_mio[48]. (constraint file  /homes/palmiero/Desktop/DHT11_Controller/top.runs/synth_1/.Xil/Vivado-23048-meije/dcp/top_ps7_0_in_context.xdc, line 232).
Applied set_property CLOCK_BUFFER_TYPE = NONE for FIXED_IO_mio[48]. (constraint file  /homes/palmiero/Desktop/DHT11_Controller/top.runs/synth_1/.Xil/Vivado-23048-meije/dcp/top_ps7_0_in_context.xdc, line 233).
Applied set_property IO_BUFFER_TYPE = NONE for FIXED_IO_mio[49]. (constraint file  /homes/palmiero/Desktop/DHT11_Controller/top.runs/synth_1/.Xil/Vivado-23048-meije/dcp/top_ps7_0_in_context.xdc, line 234).
Applied set_property CLOCK_BUFFER_TYPE = NONE for FIXED_IO_mio[49]. (constraint file  /homes/palmiero/Desktop/DHT11_Controller/top.runs/synth_1/.Xil/Vivado-23048-meije/dcp/top_ps7_0_in_context.xdc, line 235).
Applied set_property IO_BUFFER_TYPE = NONE for FIXED_IO_mio[4]. (constraint file  /homes/palmiero/Desktop/DHT11_Controller/top.runs/synth_1/.Xil/Vivado-23048-meije/dcp/top_ps7_0_in_context.xdc, line 236).
Applied set_property CLOCK_BUFFER_TYPE = NONE for FIXED_IO_mio[4]. (constraint file  /homes/palmiero/Desktop/DHT11_Controller/top.runs/synth_1/.Xil/Vivado-23048-meije/dcp/top_ps7_0_in_context.xdc, line 237).
Applied set_property IO_BUFFER_TYPE = NONE for FIXED_IO_mio[50]. (constraint file  /homes/palmiero/Desktop/DHT11_Controller/top.runs/synth_1/.Xil/Vivado-23048-meije/dcp/top_ps7_0_in_context.xdc, line 238).
Applied set_property CLOCK_BUFFER_TYPE = NONE for FIXED_IO_mio[50]. (constraint file  /homes/palmiero/Desktop/DHT11_Controller/top.runs/synth_1/.Xil/Vivado-23048-meije/dcp/top_ps7_0_in_context.xdc, line 239).
Applied set_property IO_BUFFER_TYPE = NONE for FIXED_IO_mio[51]. (constraint file  /homes/palmiero/Desktop/DHT11_Controller/top.runs/synth_1/.Xil/Vivado-23048-meije/dcp/top_ps7_0_in_context.xdc, line 240).
Applied set_property CLOCK_BUFFER_TYPE = NONE for FIXED_IO_mio[51]. (constraint file  /homes/palmiero/Desktop/DHT11_Controller/top.runs/synth_1/.Xil/Vivado-23048-meije/dcp/top_ps7_0_in_context.xdc, line 241).
Applied set_property IO_BUFFER_TYPE = NONE for FIXED_IO_mio[52]. (constraint file  /homes/palmiero/Desktop/DHT11_Controller/top.runs/synth_1/.Xil/Vivado-23048-meije/dcp/top_ps7_0_in_context.xdc, line 242).
Applied set_property CLOCK_BUFFER_TYPE = NONE for FIXED_IO_mio[52]. (constraint file  /homes/palmiero/Desktop/DHT11_Controller/top.runs/synth_1/.Xil/Vivado-23048-meije/dcp/top_ps7_0_in_context.xdc, line 243).
Applied set_property IO_BUFFER_TYPE = NONE for FIXED_IO_mio[53]. (constraint file  /homes/palmiero/Desktop/DHT11_Controller/top.runs/synth_1/.Xil/Vivado-23048-meije/dcp/top_ps7_0_in_context.xdc, line 244).
Applied set_property CLOCK_BUFFER_TYPE = NONE for FIXED_IO_mio[53]. (constraint file  /homes/palmiero/Desktop/DHT11_Controller/top.runs/synth_1/.Xil/Vivado-23048-meije/dcp/top_ps7_0_in_context.xdc, line 245).
Applied set_property IO_BUFFER_TYPE = NONE for FIXED_IO_mio[5]. (constraint file  /homes/palmiero/Desktop/DHT11_Controller/top.runs/synth_1/.Xil/Vivado-23048-meije/dcp/top_ps7_0_in_context.xdc, line 246).
Applied set_property CLOCK_BUFFER_TYPE = NONE for FIXED_IO_mio[5]. (constraint file  /homes/palmiero/Desktop/DHT11_Controller/top.runs/synth_1/.Xil/Vivado-23048-meije/dcp/top_ps7_0_in_context.xdc, line 247).
Applied set_property IO_BUFFER_TYPE = NONE for FIXED_IO_mio[6]. (constraint file  /homes/palmiero/Desktop/DHT11_Controller/top.runs/synth_1/.Xil/Vivado-23048-meije/dcp/top_ps7_0_in_context.xdc, line 248).
Applied set_property CLOCK_BUFFER_TYPE = NONE for FIXED_IO_mio[6]. (constraint file  /homes/palmiero/Desktop/DHT11_Controller/top.runs/synth_1/.Xil/Vivado-23048-meije/dcp/top_ps7_0_in_context.xdc, line 249).
Applied set_property IO_BUFFER_TYPE = NONE for FIXED_IO_mio[7]. (constraint file  /homes/palmiero/Desktop/DHT11_Controller/top.runs/synth_1/.Xil/Vivado-23048-meije/dcp/top_ps7_0_in_context.xdc, line 250).
Applied set_property CLOCK_BUFFER_TYPE = NONE for FIXED_IO_mio[7]. (constraint file  /homes/palmiero/Desktop/DHT11_Controller/top.runs/synth_1/.Xil/Vivado-23048-meije/dcp/top_ps7_0_in_context.xdc, line 251).
Applied set_property IO_BUFFER_TYPE = NONE for FIXED_IO_mio[8]. (constraint file  /homes/palmiero/Desktop/DHT11_Controller/top.runs/synth_1/.Xil/Vivado-23048-meije/dcp/top_ps7_0_in_context.xdc, line 252).
Applied set_property CLOCK_BUFFER_TYPE = NONE for FIXED_IO_mio[8]. (constraint file  /homes/palmiero/Desktop/DHT11_Controller/top.runs/synth_1/.Xil/Vivado-23048-meije/dcp/top_ps7_0_in_context.xdc, line 253).
Applied set_property IO_BUFFER_TYPE = NONE for FIXED_IO_mio[9]. (constraint file  /homes/palmiero/Desktop/DHT11_Controller/top.runs/synth_1/.Xil/Vivado-23048-meije/dcp/top_ps7_0_in_context.xdc, line 254).
Applied set_property CLOCK_BUFFER_TYPE = NONE for FIXED_IO_mio[9]. (constraint file  /homes/palmiero/Desktop/DHT11_Controller/top.runs/synth_1/.Xil/Vivado-23048-meije/dcp/top_ps7_0_in_context.xdc, line 255).
Applied set_property IO_BUFFER_TYPE = NONE for FIXED_IO_ps_clk. (constraint file  /homes/palmiero/Desktop/DHT11_Controller/top.runs/synth_1/.Xil/Vivado-23048-meije/dcp/top_ps7_0_in_context.xdc, line 256).
Applied set_property CLOCK_BUFFER_TYPE = NONE for FIXED_IO_ps_clk. (constraint file  /homes/palmiero/Desktop/DHT11_Controller/top.runs/synth_1/.Xil/Vivado-23048-meije/dcp/top_ps7_0_in_context.xdc, line 257).
Applied set_property IO_BUFFER_TYPE = NONE for FIXED_IO_ps_porb. (constraint file  /homes/palmiero/Desktop/DHT11_Controller/top.runs/synth_1/.Xil/Vivado-23048-meije/dcp/top_ps7_0_in_context.xdc, line 258).
Applied set_property CLOCK_BUFFER_TYPE = NONE for FIXED_IO_ps_porb. (constraint file  /homes/palmiero/Desktop/DHT11_Controller/top.runs/synth_1/.Xil/Vivado-23048-meije/dcp/top_ps7_0_in_context.xdc, line 259).
Applied set_property IO_BUFFER_TYPE = NONE for FIXED_IO_ps_srstb. (constraint file  /homes/palmiero/Desktop/DHT11_Controller/top.runs/synth_1/.Xil/Vivado-23048-meije/dcp/top_ps7_0_in_context.xdc, line 260).
Applied set_property CLOCK_BUFFER_TYPE = NONE for FIXED_IO_ps_srstb. (constraint file  /homes/palmiero/Desktop/DHT11_Controller/top.runs/synth_1/.Xil/Vivado-23048-meije/dcp/top_ps7_0_in_context.xdc, line 261).
Applied set_property DONT_TOUCH = true for top_i. (constraint file  auto generated constraint, line ).
Applied set_property DONT_TOUCH = true for top_i/dht11_sa_top. (constraint file  auto generated constraint, line ).
Applied set_property DONT_TOUCH = true for top_i/ps7. (constraint file  auto generated constraint, line ).
---------------------------------------------------------------------------------
Finished applying 'set_property' XDC Constraints : Time (s): cpu = 00:00:17 ; elapsed = 00:00:23 . Memory (MB): peak = 1373.145 ; gain = 469.246 ; free physical = 9368 ; free virtual = 30871
---------------------------------------------------------------------------------
---------------------------------------------------------------------------------
Finished RTL Optimization Phase 2 : Time (s): cpu = 00:00:17 ; elapsed = 00:00:23 . Memory (MB): peak = 1373.145 ; gain = 469.246 ; free physical = 9368 ; free virtual = 30871
---------------------------------------------------------------------------------

Report RTL Partitions: 
+-+--------------+------------+----------+
| |RTL Partition |Replication |Instances |
+-+--------------+------------+----------+
+-+--------------+------------+----------+
---------------------------------------------------------------------------------
Start RTL Component Statistics 
---------------------------------------------------------------------------------
Detailed RTL Component Info : 
---------------------------------------------------------------------------------
Finished RTL Component Statistics 
---------------------------------------------------------------------------------
---------------------------------------------------------------------------------
Start RTL Hierarchical Component Statistics 
---------------------------------------------------------------------------------
Hierarchical RTL Component report 
---------------------------------------------------------------------------------
Finished RTL Hierarchical Component Statistics
---------------------------------------------------------------------------------
---------------------------------------------------------------------------------
Start Part Resource Summary
---------------------------------------------------------------------------------
Part Resources:
DSPs: 80 (col length:40)
BRAMs: 120 (col length: RAMB18 40 RAMB36 20)
---------------------------------------------------------------------------------
Finished Part Resource Summary
---------------------------------------------------------------------------------
---------------------------------------------------------------------------------
Start Cross Boundary and Area Optimization
---------------------------------------------------------------------------------
---------------------------------------------------------------------------------
Finished Cross Boundary and Area Optimization : Time (s): cpu = 00:00:17 ; elapsed = 00:00:23 . Memory (MB): peak = 1380.152 ; gain = 476.254 ; free physical = 9358 ; free virtual = 30862
---------------------------------------------------------------------------------

Report RTL Partitions: 
+-+--------------+------------+----------+
| |RTL Partition |Replication |Instances |
+-+--------------+------------+----------+
+-+--------------+------------+----------+
---------------------------------------------------------------------------------
Start Timing Optimization
---------------------------------------------------------------------------------
---------------------------------------------------------------------------------
Start Applying XDC Timing Constraints
---------------------------------------------------------------------------------
INFO: [Synth 8-5578] Moved timing constraint from pin 'top_i/ps7/FCLK_CLK0' to pin 'top_i/ps7/bbstub_FCLK_CLK0/O'
INFO: [Synth 8-5819] Moved 1 constraints on hierarchical pins to their respective driving/loading pins
---------------------------------------------------------------------------------
Finished Applying XDC Timing Constraints : Time (s): cpu = 00:00:24 ; elapsed = 00:00:30 . Memory (MB): peak = 1413.152 ; gain = 509.254 ; free physical = 9323 ; free virtual = 30827
---------------------------------------------------------------------------------
---------------------------------------------------------------------------------
Finished Timing Optimization : Time (s): cpu = 00:00:24 ; elapsed = 00:00:30 . Memory (MB): peak = 1413.152 ; gain = 509.254 ; free physical = 9323 ; free virtual = 30827
---------------------------------------------------------------------------------

Report RTL Partitions: 
+-+--------------+------------+----------+
| |RTL Partition |Replication |Instances |
+-+--------------+------------+----------+
+-+--------------+------------+----------+
---------------------------------------------------------------------------------
Start Technology Mapping
---------------------------------------------------------------------------------
---------------------------------------------------------------------------------
Finished Technology Mapping : Time (s): cpu = 00:00:24 ; elapsed = 00:00:30 . Memory (MB): peak = 1421.168 ; gain = 517.270 ; free physical = 9315 ; free virtual = 30819
---------------------------------------------------------------------------------

Report RTL Partitions: 
+-+--------------+------------+----------+
| |RTL Partition |Replication |Instances |
+-+--------------+------------+----------+
+-+--------------+------------+----------+
---------------------------------------------------------------------------------
Start IO Insertion
---------------------------------------------------------------------------------
---------------------------------------------------------------------------------
Start Final Netlist Cleanup
---------------------------------------------------------------------------------
---------------------------------------------------------------------------------
Finished Final Netlist Cleanup
---------------------------------------------------------------------------------
---------------------------------------------------------------------------------
Finished IO Insertion : Time (s): cpu = 00:00:25 ; elapsed = 00:00:31 . Memory (MB): peak = 1421.172 ; gain = 517.273 ; free physical = 9315 ; free virtual = 30818
---------------------------------------------------------------------------------

Report Check Netlist: 
+------+------------------+-------+---------+-------+------------------+
|      |Item              |Errors |Warnings |Status |Description       |
+------+------------------+-------+---------+-------+------------------+
|1     |multi_driven_nets |      0|        0|Passed |Multi driven nets |
+------+------------------+-------+---------+-------+------------------+
---------------------------------------------------------------------------------
Start Renaming Generated Instances
---------------------------------------------------------------------------------
---------------------------------------------------------------------------------
Finished Renaming Generated Instances : Time (s): cpu = 00:00:25 ; elapsed = 00:00:31 . Memory (MB): peak = 1421.172 ; gain = 517.273 ; free physical = 9315 ; free virtual = 30818
---------------------------------------------------------------------------------

Report RTL Partitions: 
+-+--------------+------------+----------+
| |RTL Partition |Replication |Instances |
+-+--------------+------------+----------+
+-+--------------+------------+----------+
---------------------------------------------------------------------------------
Start Handling Custom Attributes
---------------------------------------------------------------------------------
---------------------------------------------------------------------------------
Finished Handling Custom Attributes : Time (s): cpu = 00:00:25 ; elapsed = 00:00:31 . Memory (MB): peak = 1421.172 ; gain = 517.273 ; free physical = 9315 ; free virtual = 30818
---------------------------------------------------------------------------------
---------------------------------------------------------------------------------
Start Writing Synthesis Report
---------------------------------------------------------------------------------

Report BlackBoxes: 
+------+-------------------+----------+
|      |BlackBox name      |Instances |
+------+-------------------+----------+
|1     |top_dht11_sa_top_0 |         1|
|2     |top_ps7_0          |         1|
+------+-------------------+----------+

Report Cell Usage: 
+------+-------------------+------+
|      |Cell               |Count |
+------+-------------------+------+
|1     |top_dht11_sa_top_0 |     1|
|2     |top_ps7_0          |     1|
|3     |IBUF               |     7|
|4     |OBUF               |     4|
+------+-------------------+------+

Report Instance Areas: 
+------+---------+-------+------+
|      |Instance |Module |Cells |
+------+---------+-------+------+
|1     |top      |       |    23|
|2     |  top_i  |top    |    12|
+------+---------+-------+------+
---------------------------------------------------------------------------------
Finished Writing Synthesis Report : Time (s): cpu = 00:00:25 ; elapsed = 00:00:31 . Memory (MB): peak = 1421.172 ; gain = 517.273 ; free physical = 9315 ; free virtual = 30818
---------------------------------------------------------------------------------
Synthesis finished with 0 errors, 0 critical warnings and 0 warnings.
Synthesis Optimization Runtime : Time (s): cpu = 00:00:15 ; elapsed = 00:00:16 . Memory (MB): peak = 1421.172 ; gain = 153.496 ; free physical = 9314 ; free virtual = 30818
Synthesis Optimization Complete : Time (s): cpu = 00:00:25 ; elapsed = 00:00:31 . Memory (MB): peak = 1421.176 ; gain = 517.277 ; free physical = 9315 ; free virtual = 30818
INFO: [Project 1-571] Translating synthesized netlist
INFO: [Netlist 29-17] Analyzing 7 Unisim elements for replacement
INFO: [Netlist 29-28] Unisim Transformation completed in 0 CPU seconds
INFO: [Project 1-570] Preparing netlist for logic optimization
INFO: [Opt 31-138] Pushed 0 inverter(s) to 0 load pin(s).
INFO: [Project 1-111] Unisim Transformation Summary:
No Unisim elements were transformed.

INFO: [Common 17-83] Releasing license: Synthesis
26 Infos, 3 Warnings, 0 Critical Warnings and 0 Errors encountered.
synth_design completed successfully
synth_design: Time (s): cpu = 00:00:21 ; elapsed = 00:00:25 . Memory (MB): peak = 1426.168 ; gain = 417.555 ; free physical = 9311 ; free virtual = 30814
INFO: [Common 17-1381] The checkpoint '/homes/palmiero/Desktop/DHT11_Controller/top.runs/synth_1/top_wrapper.dcp' has been generated.
report_utilization: Time (s): cpu = 00:00:00.08 ; elapsed = 00:00:00.19 . Memory (MB): peak = 1427.168 ; gain = 0.000 ; free physical = 9309 ; free virtual = 30813
INFO: [Common 17-206] Exiting Vivado at Thu May 25 16:30:27 2017...
[Thu May 25 16:30:27 2017] synth_1 finished
wait_on_run: Time (s): cpu = 00:01:06 ; elapsed = 00:02:04 . Memory (MB): peak = 1280.316 ; gain = 0.000 ; free physical = 9848 ; free virtual = 31351
Design is defaulting to impl run constrset: constrs_1
Design is defaulting to synth run part: xc7z010clg400-1
INFO: [Project 1-454] Reading design checkpoint '/homes/palmiero/Desktop/DHT11_Controller/top.srcs/sources_1/bd/top/ip/top_dht11_sa_top_0/top_dht11_sa_top_0.dcp' for cell 'top_i/dht11_sa_top'
INFO: [Project 1-454] Reading design checkpoint '/homes/palmiero/Desktop/DHT11_Controller/top.srcs/sources_1/bd/top/ip/top_ps7_0/top_ps7_0.dcp' for cell 'top_i/ps7'
INFO: [Netlist 29-17] Analyzing 68 Unisim elements for replacement
INFO: [Netlist 29-28] Unisim Transformation completed in 0 CPU seconds
INFO: [Project 1-479] Netlist was created with Vivado 2016.3
INFO: [Device 21-403] Loading part xc7z010clg400-1
INFO: [Project 1-570] Preparing netlist for logic optimization
INFO: [Opt 31-140] Inserted 1 IBUFs to IO ports without IO buffers.
Parsing XDC File [/homes/palmiero/Desktop/DHT11_Controller/top.srcs/sources_1/bd/top/ip/top_ps7_0/top_ps7_0.xdc] for cell 'top_i/ps7/inst'
Finished Parsing XDC File [/homes/palmiero/Desktop/DHT11_Controller/top.srcs/sources_1/bd/top/ip/top_ps7_0/top_ps7_0.xdc] for cell 'top_i/ps7/inst'
INFO: [Project 1-538] Using original IP XDC constraints instead of the XDC constraints in dcp '/homes/palmiero/Desktop/DHT11_Controller/top.srcs/sources_1/bd/top/ip/top_ps7_0/top_ps7_0.dcp'
INFO: [Opt 31-138] Pushed 0 inverter(s) to 0 load pin(s).
INFO: [Project 1-111] Unisim Transformation Summary:
No Unisim elements were transformed.

open_run: Time (s): cpu = 00:00:06 ; elapsed = 00:00:08 . Memory (MB): peak = 1469.188 ; gain = 188.871 ; free physical = 9693 ; free virtual = 31196
ERROR: [Common 17-69] Command failed: 'JE1' is not a valid site or package pin name.
INFO: [Common 17-206] Exiting Vivado at Thu May 25 16:30:35 2017...
